{
  "RSpec": {
    "coverage": {
      "/Users/yaskemp/Desktop/Projects/Post-Makers/Airport-Challenge-2/spec/airport_spec.rb": [
        1,
        null,
        1,
        7,
        6,
        1,
        1,
        1,
        null,
        1,
        1,
        1,
        null,
        1,
        1,
        1,
        20,
        null,
        2,
        null,
        null,
        null,
        null,
        1,
        1,
        1,
        null,
        1,
        1,
        1,
        1,
        null,
        1,
        1,
        1,
        2,
        null,
        null,
        null,
        1,
        2,
        1,
        21,
        2,
        null,
        null,
        null
      ],
      "/Users/yaskemp/Desktop/Projects/Post-Makers/Airport-Challenge-2/lib/airport.rb": [
        1,
        1,
        1,
        null,
        1,
        12,
        12,
        null,
        null,
        1,
        90,
        86,
        null,
        null,
        1,
        6,
        4,
        null,
        null,
        1,
        1,
        6,
        null,
        null,
        1,
        90,
        null,
        null
      ],
      "/Users/yaskemp/Desktop/Projects/Post-Makers/Airport-Challenge-2/spec/features/user_stories_spec.rb": [
        1,
        1,
        null,
        1,
        4,
        6,
        null,
        null,
        null,
        1,
        2,
        null,
        null,
        null,
        null,
        1,
        1,
        2,
        null,
        null,
        1,
        1,
        1,
        2,
        null,
        null,
        null,
        null,
        1,
        1,
        1,
        20,
        null,
        2,
        null,
        null,
        null,
        null,
        1,
        1,
        21,
        2,
        null,
        null,
        null
      ],
      "/Users/yaskemp/Desktop/Projects/Post-Makers/Airport-Challenge-2/lib/plane.rb": [
        1,
        null
      ],
      "/Users/yaskemp/Desktop/Projects/Post-Makers/Airport-Challenge-2/spec/plane_spec.rb": [
        1,
        null,
        1,
        null
      ]
    },
    "timestamp": 1577633871
  }
}
